0 info it worked if it ends with ok
1 verbose cli [ 'C:\\Program Files\\nodejs\\node.exe',
1 verbose cli   'C:\\Program Files\\nodejs\\node_modules\\npm\\bin\\npm-cli.js',
1 verbose cli   'run',
1 verbose cli   'server' ]
2 info using npm@3.10.10
3 info using node@v6.9.5
4 verbose run-script [ 'preserver', 'server', 'postserver' ]
5 info lifecycle catan@1.0.0~preserver: catan@1.0.0
6 silly lifecycle catan@1.0.0~preserver: no script for preserver, continuing
7 info lifecycle catan@1.0.0~server: catan@1.0.0
8 verbose lifecycle catan@1.0.0~server: unsafe-perm in lifecycle true
9 verbose lifecycle catan@1.0.0~server: PATH: C:\Program Files\nodejs\node_modules\npm\bin\node-gyp-bin;C:\Users\Josef\Documents\Projects\CatanGame\node_modules\.bin;C:\Program Files (x86)\Common Files\Intel\Shared Files\cpp\bin\Intel64;C:\ProgramData\Oracle\Java\javapath;C:\Windows\system32;C:\Windows;C:\Windows\System32\Wbem;C:\Windows\System32\WindowsPowerShell\v1.0\;C:\Program Files (x86)\NVIDIA Corporation\PhysX\Common;C:\WINDOWS\system32;C:\WINDOWS;C:\WINDOWS\System32\Wbem;C:\WINDOWS\System32\WindowsPowerShell\v1.0\;C:\Users\Josef\.dnx\bin;C:\Program Files\Microsoft DNX\Dnvm\;C:\Program Files (x86)\Windows Kits\8.1\Windows Performance Toolkit\;C:\Program Files (x86)\Brackets\command;C:\Program Files (x86)\Windows Kits\10\Windows Performance Toolkit\;C:\xampp\php;C:\ProgramData\ComposerSetup\bin;C:\Program Files (x86)\CMake\bin;C:\Program Files (x86)\Microsoft Visual Studio 14.0\VC\bin;C:\Users\Josef\AppData\Local\Programs\Python\Launcher\;C:\Users\Josef\AppData\Roaming\npm;C:\Users\Josef\AppData\Roaming\Tor\Tor;C:\Program Files (x86)\Nmap;C:\Users\;C:\Program Files (x86)\Windows Live\Shared;C:\Program Files\nodejs\;C:\Program Files (x86)\Skype\Phone\;C:\Users\Josef\;C:\System\Windows32\;C:\HashiCorp\Vagrant\bin;C:\Users\Josef\AppData\Local\Programs\Python\Launcher\;C:\Users\Josef\AppData\Local\Programs\Python\Python36\Scripts\;C:\Users\Josef\AppData\Local\Programs\Python\Python36\;C:\Users\Josef\AppData\Roaming\Tor\Tor;C:\Program Files (x86)\Nmap;C:\python34;C:\Users\Josef\AppData\Local\atom\bin;C:\Users\Josef\AppData\Roaming\Composer\vendor\bin;C:\Program Files (x86)\CMake\bin;C:\Users\Josef\AppData\Roaming\Ninja;C:\Users\Josef\AppData\Roaming\awk;C:\Program Files\LLVM\bin;C:\Program Files\Git\cmd;C:\Users\Josef\Documents\aseprite\build\bin;C:\Users\Josef\AppData\Local\Android\sdk\platform-tools;C:\Program Files (x86)\Atmel\Flip 3.4.7\bin;C:\Users\Josef\AppData\Roaming\cupp;C:\Users\Josef\AppData\Local\Microsoft\WindowsApps;C:\Users\Josef\Documents\webOS_TV_SDK\CLI;C:\Program Files (x86)\wkhtmltopdf\bin;C:\Program Files (x86)\Microsoft VS Code\bin;C:\Users\Josef\AppData\Local\Programs\Rust stable GNU 1.12\bin;C:\Users\Josef\.cargo\bin;C:\Users\Josef\AppData\Roaming\npm;C:\Users\Josef\AppData\Local\Programs\Fiddler;C:\Program Files (x86)\SWFTools;
10 verbose lifecycle catan@1.0.0~server: CWD: C:\Users\Josef\Documents\Projects\CatanGame
11 silly lifecycle catan@1.0.0~server: Args: [ '/d /s /c', 'node dist/server/index.js' ]
12 verbose stack Error: kill ENOSYS
12 verbose stack     at exports._errnoException (util.js:1022:11)
12 verbose stack     at process.kill (internal/process.js:172:13)
12 verbose stack     at process.listener (C:\Program Files\nodejs\node_modules\npm\node_modules\npmlog\node_modules\gauge\node_modules\signal-exit\index.js:86:15)
12 verbose stack     at emitNone (events.js:91:20)
12 verbose stack     at process.emit (events.js:185:7)
12 verbose stack     at processEmit (C:\Program Files\nodejs\node_modules\npm\node_modules\npmlog\node_modules\gauge\node_modules\signal-exit\index.js:146:32)
12 verbose stack     at processEmit (C:\Program Files\nodejs\node_modules\npm\node_modules\npm-registry-client\node_modules\npmlog\node_modules\gauge\node_modules\signal-exit\index.js:146:32)
12 verbose stack     at Signal.wrap.onsignal (internal/process.js:199:44)
13 verbose cwd C:\Users\Josef\Documents\Projects\CatanGame
14 error Windows_NT 10.0.15063
15 error argv "C:\\Program Files\\nodejs\\node.exe" "C:\\Program Files\\nodejs\\node_modules\\npm\\bin\\npm-cli.js" "run" "server"
16 error node v6.9.5
17 error npm  v3.10.10
18 error code ENOSYS
19 error errno ENOSYS
20 error syscall kill
21 error kill ENOSYS
22 error If you need help, you may report this error at:
22 error     <https://github.com/npm/npm/issues>
23 verbose exit [ 1, true ]
